<?xml version="1.0" encoding="UTF-8"?>
<!-- Generated by org.testng.reporters.JUnitReportReporter -->
<testsuite name="crmTest.SomeTest" tests="1" time="16.480" ignored="0" failures="0" timestamp="03 May 2020 09:25:37 GMT" skipped="0" hostname="DESKTOP-N308L1J" errors="0">
  <testcase name="addAndVerifyDepositTest" time="16.480" classname="crmTest.SomeTest"/>
</testsuite> <!-- crmTest.SomeTest -->
